{"C:\\Users\\Elite folio9470m\\Documents\\altschool-opensource\\newBlogApi\\app.js": {"path":"C:\\Users\\Elite folio9470m\\Documents\\altschool-opensource\\newBlogApi\\app.js","statementMap":{"0":{"start":{"line":1,"column":16},"end":{"line":1,"column":34}},"1":{"start":{"line":2,"column":12},"end":{"line":2,"column":21}},"2":{"start":{"line":3,"column":19},"end":{"line":3,"column":41}},"3":{"start":{"line":4,"column":13},"end":{"line":4,"column":28}},"4":{"start":{"line":5,"column":18},"end":{"line":5,"column":48}},"5":{"start":{"line":6,"column":21},"end":{"line":6,"column":54}},"6":{"start":{"line":7,"column":18},"end":{"line":7,"column":48}},"7":{"start":{"line":9,"column":0},"end":{"line":9,"column":26}},"8":{"start":{"line":13,"column":0},"end":{"line":13,"column":65}},"9":{"start":{"line":16,"column":0},"end":{"line":16,"column":26}},"10":{"start":{"line":18,"column":0},"end":{"line":18,"column":15}},"11":{"start":{"line":21,"column":0},"end":{"line":25,"column":3}},"12":{"start":{"line":22,"column":4},"end":{"line":24,"column":7}},"13":{"start":{"line":28,"column":0},"end":{"line":28,"column":27}},"14":{"start":{"line":29,"column":0},"end":{"line":29,"column":33}},"15":{"start":{"line":30,"column":0},"end":{"line":30,"column":28}},"16":{"start":{"line":33,"column":0},"end":{"line":37,"column":3}},"17":{"start":{"line":34,"column":4},"end":{"line":36,"column":7}},"18":{"start":{"line":39,"column":0},"end":{"line":39,"column":21}}},"fnMap":{"0":{"name":"(anonymous_0)","decl":{"start":{"line":21,"column":13},"end":{"line":21,"column":14}},"loc":{"start":{"line":21,"column":27},"end":{"line":25,"column":1}},"line":21},"1":{"name":"(anonymous_1)","decl":{"start":{"line":33,"column":13},"end":{"line":33,"column":14}},"loc":{"start":{"line":33,"column":27},"end":{"line":37,"column":1}},"line":33}},"branchMap":{},"s":{"0":2,"1":2,"2":2,"3":2,"4":2,"5":2,"6":2,"7":2,"8":2,"9":2,"10":2,"11":2,"12":0,"13":2,"14":2,"15":2,"16":2,"17":0,"18":2},"f":{"0":0,"1":0},"b":{},"_coverageSchema":"1a1c01bbd47fc00a2c39e90264f33305004495a9","hash":"03c0dbef26871d41b614b34f0deefbbbd948971c"}
,"C:\\Users\\Elite folio9470m\\Documents\\altschool-opensource\\newBlogApi\\controllers\\auth.controller.js": {"path":"C:\\Users\\Elite folio9470m\\Documents\\altschool-opensource\\newBlogApi\\controllers\\auth.controller.js","statementMap":{"0":{"start":{"line":1,"column":22},"end":{"line":1,"column":53}},"1":{"start":{"line":2,"column":13},"end":{"line":2,"column":46}},"2":{"start":{"line":3,"column":15},"end":{"line":3,"column":32}},"3":{"start":{"line":4,"column":12},"end":{"line":4,"column":35}},"4":{"start":{"line":6,"column":0},"end":{"line":42,"column":1}},"5":{"start":{"line":8,"column":14},"end":{"line":14,"column":5}},"6":{"start":{"line":16,"column":20},"end":{"line":16,"column":35}},"7":{"start":{"line":18,"column":4},"end":{"line":20,"column":5}},"8":{"start":{"line":19,"column":8},"end":{"line":19,"column":45}},"9":{"start":{"line":22,"column":4},"end":{"line":41,"column":5}},"10":{"start":{"line":23,"column":24},"end":{"line":28,"column":10}},"11":{"start":{"line":30,"column":23},"end":{"line":30,"column":43}},"12":{"start":{"line":32,"column":8},"end":{"line":35,"column":11}},"13":{"start":{"line":37,"column":8},"end":{"line":40,"column":10}},"14":{"start":{"line":44,"column":0},"end":{"line":90,"column":1}},"15":{"start":{"line":45,"column":14},"end":{"line":48,"column":6}},"16":{"start":{"line":50,"column":20},"end":{"line":50,"column":35}},"17":{"start":{"line":52,"column":4},"end":{"line":54,"column":5}},"18":{"start":{"line":53,"column":8},"end":{"line":53,"column":45}},"19":{"start":{"line":56,"column":4},"end":{"line":89,"column":5}},"20":{"start":{"line":57,"column":23},"end":{"line":57,"column":65}},"21":{"start":{"line":59,"column":8},"end":{"line":83,"column":9}},"22":{"start":{"line":60,"column":12},"end":{"line":77,"column":13}},"23":{"start":{"line":62,"column":35},"end":{"line":62,"column":71}},"24":{"start":{"line":63,"column":28},"end":{"line":65,"column":50}},"25":{"start":{"line":67,"column":16},"end":{"line":71,"column":18}},"26":{"start":{"line":73,"column":16},"end":{"line":76,"column":18}},"27":{"start":{"line":79,"column":12},"end":{"line":82,"column":14}},"28":{"start":{"line":85,"column":8},"end":{"line":88,"column":10}}},"fnMap":{"0":{"name":"(anonymous_0)","decl":{"start":{"line":6,"column":19},"end":{"line":6,"column":20}},"loc":{"start":{"line":6,"column":39},"end":{"line":42,"column":1}},"line":6},"1":{"name":"(anonymous_1)","decl":{"start":{"line":44,"column":14},"end":{"line":44,"column":15}},"loc":{"start":{"line":44,"column":34},"end":{"line":90,"column":1}},"line":44}},"branchMap":{"0":{"loc":{"start":{"line":18,"column":4},"end":{"line":20,"column":5}},"type":"if","locations":[{"start":{"line":18,"column":4},"end":{"line":20,"column":5}},{"start":{},"end":{}}],"line":18},"1":{"loc":{"start":{"line":52,"column":4},"end":{"line":54,"column":5}},"type":"if","locations":[{"start":{"line":52,"column":4},"end":{"line":54,"column":5}},{"start":{},"end":{}}],"line":52},"2":{"loc":{"start":{"line":59,"column":8},"end":{"line":83,"column":9}},"type":"if","locations":[{"start":{"line":59,"column":8},"end":{"line":83,"column":9}},{"start":{"line":78,"column":15},"end":{"line":83,"column":9}}],"line":59},"3":{"loc":{"start":{"line":60,"column":12},"end":{"line":77,"column":13}},"type":"if","locations":[{"start":{"line":60,"column":12},"end":{"line":77,"column":13}},{"start":{"line":72,"column":19},"end":{"line":77,"column":13}}],"line":60},"4":{"loc":{"start":{"line":62,"column":35},"end":{"line":62,"column":71}},"type":"binary-expr","locations":[{"start":{"line":62,"column":35},"end":{"line":62,"column":57}},{"start":{"line":62,"column":61},"end":{"line":62,"column":71}}],"line":62}},"s":{"0":2,"1":2,"2":2,"3":2,"4":2,"5":1,"6":1,"7":1,"8":0,"9":1,"10":1,"11":1,"12":1,"13":0,"14":2,"15":2,"16":2,"17":2,"18":0,"19":2,"20":2,"21":2,"22":2,"23":2,"24":2,"25":2,"26":0,"27":0,"28":0},"f":{"0":1,"1":2},"b":{"0":[0,1],"1":[0,2],"2":[2,0],"3":[2,0],"4":[2,0]},"_coverageSchema":"1a1c01bbd47fc00a2c39e90264f33305004495a9","hash":"8ffb927c4df44bedc5fe556346b6876fe836e6e6"}
,"C:\\Users\\Elite folio9470m\\Documents\\altschool-opensource\\newBlogApi\\controllers\\blog.controller.js": {"path":"C:\\Users\\Elite folio9470m\\Documents\\altschool-opensource\\newBlogApi\\controllers\\blog.controller.js","statementMap":{"0":{"start":{"line":1,"column":22},"end":{"line":1,"column":53}},"1":{"start":{"line":2,"column":13},"end":{"line":2,"column":46}},"2":{"start":{"line":6,"column":0},"end":{"line":44,"column":1}},"3":{"start":{"line":7,"column":14},"end":{"line":12,"column":6}},"4":{"start":{"line":14,"column":20},"end":{"line":14,"column":35}},"5":{"start":{"line":16,"column":4},"end":{"line":18,"column":5}},"6":{"start":{"line":17,"column":8},"end":{"line":17,"column":45}},"7":{"start":{"line":20,"column":4},"end":{"line":42,"column":5}},"8":{"start":{"line":21,"column":24},"end":{"line":28,"column":10}},"9":{"start":{"line":30,"column":23},"end":{"line":30,"column":43}},"10":{"start":{"line":32,"column":8},"end":{"line":35,"column":11}},"11":{"start":{"line":38,"column":8},"end":{"line":41,"column":10}},"12":{"start":{"line":47,"column":0},"end":{"line":81,"column":1}},"13":{"start":{"line":49,"column":4},"end":{"line":80,"column":5}},"14":{"start":{"line":50,"column":18},"end":{"line":50,"column":20}},"15":{"start":{"line":52,"column":4},"end":{"line":59,"column":5}},"16":{"start":{"line":53,"column":8},"end":{"line":58,"column":9}},"17":{"start":{"line":61,"column":16},"end":{"line":68,"column":6}},"18":{"start":{"line":70,"column":4},"end":{"line":73,"column":6}},"19":{"start":{"line":76,"column":8},"end":{"line":79,"column":10}},"20":{"start":{"line":84,"column":0},"end":{"line":106,"column":1}},"21":{"start":{"line":85,"column":4},"end":{"line":105,"column":5}},"22":{"start":{"line":86,"column":19},"end":{"line":86,"column":32}},"23":{"start":{"line":87,"column":21},"end":{"line":90,"column":25}},"24":{"start":{"line":96,"column":8},"end":{"line":99,"column":10}},"25":{"start":{"line":101,"column":8},"end":{"line":104,"column":10}},"26":{"start":{"line":109,"column":0},"end":{"line":142,"column":1}},"27":{"start":{"line":110,"column":15},"end":{"line":110,"column":28}},"28":{"start":{"line":112,"column":4},"end":{"line":141,"column":5}},"29":{"start":{"line":113,"column":21},"end":{"line":113,"column":44}},"30":{"start":{"line":114,"column":8},"end":{"line":135,"column":9}},"31":{"start":{"line":115,"column":12},"end":{"line":122,"column":15}},"32":{"start":{"line":124,"column":32},"end":{"line":124,"column":49}},"33":{"start":{"line":126,"column":12},"end":{"line":129,"column":14}},"34":{"start":{"line":132,"column":12},"end":{"line":134,"column":14}},"35":{"start":{"line":137,"column":8},"end":{"line":140,"column":10}},"36":{"start":{"line":145,"column":0},"end":{"line":166,"column":1}},"37":{"start":{"line":146,"column":15},"end":{"line":146,"column":28}},"38":{"start":{"line":148,"column":4},"end":{"line":165,"column":5}},"39":{"start":{"line":149,"column":22},"end":{"line":149,"column":56}},"40":{"start":{"line":150,"column":8},"end":{"line":159,"column":9}},"41":{"start":{"line":151,"column":12},"end":{"line":151,"column":42}},"42":{"start":{"line":152,"column":12},"end":{"line":154,"column":14}},"43":{"start":{"line":156,"column":12},"end":{"line":158,"column":14}},"44":{"start":{"line":161,"column":8},"end":{"line":164,"column":10}},"45":{"start":{"line":169,"column":0},"end":{"line":202,"column":1}},"46":{"start":{"line":170,"column":4},"end":{"line":201,"column":5}},"47":{"start":{"line":171,"column":18},"end":{"line":171,"column":20}},"48":{"start":{"line":173,"column":4},"end":{"line":180,"column":5}},"49":{"start":{"line":174,"column":8},"end":{"line":179,"column":9}},"50":{"start":{"line":182,"column":16},"end":{"line":189,"column":6}},"51":{"start":{"line":191,"column":4},"end":{"line":194,"column":6}},"52":{"start":{"line":197,"column":8},"end":{"line":200,"column":10}}},"fnMap":{"0":{"name":"(anonymous_0)","decl":{"start":{"line":6,"column":16},"end":{"line":6,"column":17}},"loc":{"start":{"line":6,"column":36},"end":{"line":44,"column":1}},"line":6},"1":{"name":"(anonymous_1)","decl":{"start":{"line":47,"column":14},"end":{"line":47,"column":15}},"loc":{"start":{"line":47,"column":34},"end":{"line":81,"column":1}},"line":47},"2":{"name":"(anonymous_2)","decl":{"start":{"line":84,"column":22},"end":{"line":84,"column":23}},"loc":{"start":{"line":84,"column":39},"end":{"line":106,"column":1}},"line":84},"3":{"name":"(anonymous_3)","decl":{"start":{"line":109,"column":16},"end":{"line":109,"column":17}},"loc":{"start":{"line":109,"column":36},"end":{"line":142,"column":1}},"line":109},"4":{"name":"(anonymous_4)","decl":{"start":{"line":145,"column":15},"end":{"line":145,"column":16}},"loc":{"start":{"line":145,"column":33},"end":{"line":166,"column":1}},"line":145},"5":{"name":"(anonymous_5)","decl":{"start":{"line":169,"column":23},"end":{"line":169,"column":24}},"loc":{"start":{"line":169,"column":43},"end":{"line":202,"column":1}},"line":169}},"branchMap":{"0":{"loc":{"start":{"line":16,"column":4},"end":{"line":18,"column":5}},"type":"if","locations":[{"start":{"line":16,"column":4},"end":{"line":18,"column":5}},{"start":{},"end":{}}],"line":16},"1":{"loc":{"start":{"line":52,"column":4},"end":{"line":59,"column":5}},"type":"if","locations":[{"start":{"line":52,"column":4},"end":{"line":59,"column":5}},{"start":{},"end":{}}],"line":52},"2":{"loc":{"start":{"line":114,"column":8},"end":{"line":135,"column":9}},"type":"if","locations":[{"start":{"line":114,"column":8},"end":{"line":135,"column":9}},{"start":{"line":131,"column":15},"end":{"line":135,"column":9}}],"line":114},"3":{"loc":{"start":{"line":150,"column":8},"end":{"line":159,"column":9}},"type":"if","locations":[{"start":{"line":150,"column":8},"end":{"line":159,"column":9}},{"start":{"line":155,"column":15},"end":{"line":159,"column":9}}],"line":150},"4":{"loc":{"start":{"line":173,"column":4},"end":{"line":180,"column":5}},"type":"if","locations":[{"start":{"line":173,"column":4},"end":{"line":180,"column":5}},{"start":{},"end":{}}],"line":173}},"s":{"0":2,"1":2,"2":2,"3":1,"4":1,"5":1,"6":0,"7":1,"8":1,"9":1,"10":1,"11":0,"12":2,"13":4,"14":4,"15":4,"16":0,"17":4,"18":4,"19":0,"20":2,"21":1,"22":1,"23":1,"24":1,"25":0,"26":2,"27":1,"28":1,"29":1,"30":1,"31":1,"32":1,"33":1,"34":0,"35":0,"36":2,"37":1,"38":1,"39":1,"40":1,"41":1,"42":1,"43":0,"44":0,"45":2,"46":0,"47":0,"48":0,"49":0,"50":0,"51":0,"52":0},"f":{"0":1,"1":4,"2":1,"3":1,"4":1,"5":0},"b":{"0":[0,1],"1":[0,4],"2":[1,0],"3":[1,0],"4":[0,0]},"_coverageSchema":"1a1c01bbd47fc00a2c39e90264f33305004495a9","hash":"10bb89d281556fecf2fd0393c94c9b9068cb4422"}
,"C:\\Users\\Elite folio9470m\\Documents\\altschool-opensource\\newBlogApi\\controllers\\profile.controller.js": {"path":"C:\\Users\\Elite folio9470m\\Documents\\altschool-opensource\\newBlogApi\\controllers\\profile.controller.js","statementMap":{"0":{"start":{"line":1,"column":0},"end":{"line":8,"column":1}},"1":{"start":{"line":2,"column":4},"end":{"line":7,"column":5}}},"fnMap":{"0":{"name":"(anonymous_0)","decl":{"start":{"line":1,"column":21},"end":{"line":1,"column":22}},"loc":{"start":{"line":1,"column":35},"end":{"line":8,"column":1}},"line":1}},"branchMap":{},"s":{"0":2,"1":0},"f":{"0":0},"b":{},"_coverageSchema":"1a1c01bbd47fc00a2c39e90264f33305004495a9","hash":"0a9f868fbb28cb6d58c635a9a9e72866b8259108"}
,"C:\\Users\\Elite folio9470m\\Documents\\altschool-opensource\\newBlogApi\\helpers\\middleware.js": {"path":"C:\\Users\\Elite folio9470m\\Documents\\altschool-opensource\\newBlogApi\\helpers\\middleware.js","statementMap":{"0":{"start":{"line":1,"column":12},"end":{"line":1,"column":35}},"1":{"start":{"line":3,"column":0},"end":{"line":35,"column":1}},"2":{"start":{"line":4,"column":16},"end":{"line":4,"column":44}},"3":{"start":{"line":6,"column":4},"end":{"line":34,"column":5}},"4":{"start":{"line":7,"column":8},"end":{"line":9,"column":10}},"5":{"start":{"line":11,"column":27},"end":{"line":11,"column":63}},"6":{"start":{"line":12,"column":8},"end":{"line":31,"column":9}},"7":{"start":{"line":13,"column":26},"end":{"line":13,"column":55}},"8":{"start":{"line":14,"column":12},"end":{"line":20,"column":13}},"9":{"start":{"line":15,"column":16},"end":{"line":15,"column":37}},"10":{"start":{"line":17,"column":16},"end":{"line":19,"column":18}},"11":{"start":{"line":22,"column":12},"end":{"line":30,"column":13}},"12":{"start":{"line":23,"column":16},"end":{"line":25,"column":18}},"13":{"start":{"line":27,"column":16},"end":{"line":29,"column":18}},"14":{"start":{"line":33,"column":8},"end":{"line":33,"column":15}}},"fnMap":{"0":{"name":"(anonymous_0)","decl":{"start":{"line":3,"column":13},"end":{"line":3,"column":14}},"loc":{"start":{"line":3,"column":33},"end":{"line":35,"column":1}},"line":3}},"branchMap":{"0":{"loc":{"start":{"line":6,"column":4},"end":{"line":34,"column":5}},"type":"if","locations":[{"start":{"line":6,"column":4},"end":{"line":34,"column":5}},{"start":{"line":10,"column":11},"end":{"line":34,"column":5}}],"line":6},"1":{"loc":{"start":{"line":11,"column":27},"end":{"line":11,"column":63}},"type":"binary-expr","locations":[{"start":{"line":11,"column":27},"end":{"line":11,"column":49}},{"start":{"line":11,"column":53},"end":{"line":11,"column":63}}],"line":11},"2":{"loc":{"start":{"line":14,"column":12},"end":{"line":20,"column":13}},"type":"if","locations":[{"start":{"line":14,"column":12},"end":{"line":20,"column":13}},{"start":{"line":16,"column":19},"end":{"line":20,"column":13}}],"line":14},"3":{"loc":{"start":{"line":22,"column":12},"end":{"line":30,"column":13}},"type":"if","locations":[{"start":{"line":22,"column":12},"end":{"line":30,"column":13}},{"start":{"line":26,"column":19},"end":{"line":30,"column":13}}],"line":22},"4":{"loc":{"start":{"line":22,"column":16},"end":{"line":22,"column":59}},"type":"binary-expr","locations":[{"start":{"line":22,"column":16},"end":{"line":22,"column":29}},{"start":{"line":22,"column":33},"end":{"line":22,"column":59}}],"line":22}},"s":{"0":2,"1":2,"2":3,"3":3,"4":0,"5":3,"6":3,"7":3,"8":3,"9":3,"10":0,"11":0,"12":0,"13":0,"14":3},"f":{"0":3},"b":{"0":[0,3],"1":[3,0],"2":[3,0],"3":[0,0],"4":[0,0]},"_coverageSchema":"1a1c01bbd47fc00a2c39e90264f33305004495a9","hash":"d174724983d990d31117b1216e0f9781c97961bb"}
,"C:\\Users\\Elite folio9470m\\Documents\\altschool-opensource\\newBlogApi\\models\\blog.model.js": {"path":"C:\\Users\\Elite folio9470m\\Documents\\altschool-opensource\\newBlogApi\\models\\blog.model.js","statementMap":{"0":{"start":{"line":1,"column":17},"end":{"line":1,"column":36}},"1":{"start":{"line":3,"column":15},"end":{"line":3,"column":30}},"2":{"start":{"line":4,"column":17},"end":{"line":4,"column":32}},"3":{"start":{"line":7,"column":18},"end":{"line":22,"column":2}},"4":{"start":{"line":26,"column":4},"end":{"line":33,"column":5}},"5":{"start":{"line":27,"column":20},"end":{"line":27,"column":23}},"6":{"start":{"line":28,"column":22},"end":{"line":28,"column":53}},"7":{"start":{"line":29,"column":21},"end":{"line":29,"column":43}},"8":{"start":{"line":30,"column":8},"end":{"line":30,"column":20}},"9":{"start":{"line":32,"column":8},"end":{"line":32,"column":17}},"10":{"start":{"line":46,"column":0},"end":{"line":54,"column":3}},"11":{"start":{"line":47,"column":17},"end":{"line":47,"column":21}},"12":{"start":{"line":48,"column":21},"end":{"line":48,"column":43}},"13":{"start":{"line":51,"column":4},"end":{"line":51,"column":33}},"14":{"start":{"line":53,"column":4},"end":{"line":53,"column":11}},"15":{"start":{"line":56,"column":13},"end":{"line":56,"column":46}},"16":{"start":{"line":58,"column":0},"end":{"line":58,"column":22}}},"fnMap":{"0":{"name":"readingTime","decl":{"start":{"line":25,"column":9},"end":{"line":25,"column":20}},"loc":{"start":{"line":25,"column":27},"end":{"line":34,"column":1}},"line":25},"1":{"name":"(anonymous_1)","decl":{"start":{"line":46,"column":22},"end":{"line":46,"column":23}},"loc":{"start":{"line":46,"column":44},"end":{"line":54,"column":1}},"line":46}},"branchMap":{"0":{"loc":{"start":{"line":26,"column":4},"end":{"line":33,"column":5}},"type":"if","locations":[{"start":{"line":26,"column":4},"end":{"line":33,"column":5}},{"start":{"line":31,"column":11},"end":{"line":33,"column":5}}],"line":26}},"s":{"0":2,"1":2,"2":2,"3":2,"4":10,"5":10,"6":10,"7":10,"8":10,"9":0,"10":2,"11":10,"12":10,"13":10,"14":10,"15":2,"16":2},"f":{"0":10,"1":10},"b":{"0":[10,0]},"_coverageSchema":"1a1c01bbd47fc00a2c39e90264f33305004495a9","hash":"780ded87c4f5842e8cd362a413a132d775b9d634"}
,"C:\\Users\\Elite folio9470m\\Documents\\altschool-opensource\\newBlogApi\\models\\user.model.js": {"path":"C:\\Users\\Elite folio9470m\\Documents\\altschool-opensource\\newBlogApi\\models\\user.model.js","statementMap":{"0":{"start":{"line":1,"column":17},"end":{"line":1,"column":36}},"1":{"start":{"line":2,"column":15},"end":{"line":2,"column":32}},"2":{"start":{"line":4,"column":15},"end":{"line":4,"column":30}},"3":{"start":{"line":5,"column":17},"end":{"line":5,"column":32}},"4":{"start":{"line":7,"column":18},"end":{"line":15,"column":2}},"5":{"start":{"line":17,"column":0},"end":{"line":26,"column":2}},"6":{"start":{"line":20,"column":19},"end":{"line":20,"column":23}},"7":{"start":{"line":21,"column":19},"end":{"line":21,"column":55}},"8":{"start":{"line":23,"column":6},"end":{"line":23,"column":27}},"9":{"start":{"line":24,"column":6},"end":{"line":24,"column":13}},"10":{"start":{"line":29,"column":0},"end":{"line":34,"column":1}},"11":{"start":{"line":30,"column":15},"end":{"line":30,"column":19}},"12":{"start":{"line":31,"column":18},"end":{"line":31,"column":63}},"13":{"start":{"line":33,"column":2},"end":{"line":33,"column":17}},"14":{"start":{"line":36,"column":13},"end":{"line":36,"column":47}},"15":{"start":{"line":38,"column":0},"end":{"line":38,"column":22}}},"fnMap":{"0":{"name":"(anonymous_0)","decl":{"start":{"line":19,"column":2},"end":{"line":19,"column":3}},"loc":{"start":{"line":19,"column":24},"end":{"line":25,"column":3}},"line":19},"1":{"name":"(anonymous_1)","decl":{"start":{"line":29,"column":36},"end":{"line":29,"column":37}},"loc":{"start":{"line":29,"column":61},"end":{"line":34,"column":1}},"line":29}},"branchMap":{},"s":{"0":2,"1":2,"2":2,"3":2,"4":2,"5":2,"6":4,"7":4,"8":4,"9":4,"10":2,"11":0,"12":0,"13":0,"14":2,"15":2},"f":{"0":4,"1":0},"b":{},"_coverageSchema":"1a1c01bbd47fc00a2c39e90264f33305004495a9","hash":"25d514c14978571868ba082dd2b61c26e08f6580"}
,"C:\\Users\\Elite folio9470m\\Documents\\altschool-opensource\\newBlogApi\\routes\\auth.route.js": {"path":"C:\\Users\\Elite folio9470m\\Documents\\altschool-opensource\\newBlogApi\\routes\\auth.route.js","statementMap":{"0":{"start":{"line":1,"column":15},"end":{"line":1,"column":42}},"1":{"start":{"line":2,"column":23},"end":{"line":2,"column":66}},"2":{"start":{"line":4,"column":0},"end":{"line":4,"column":49}},"3":{"start":{"line":5,"column":0},"end":{"line":5,"column":43}},"4":{"start":{"line":7,"column":0},"end":{"line":7,"column":22}}},"fnMap":{},"branchMap":{},"s":{"0":2,"1":2,"2":2,"3":2,"4":2},"f":{},"b":{},"_coverageSchema":"1a1c01bbd47fc00a2c39e90264f33305004495a9","hash":"b2047e0df207b02a61e24b99b7eb1e31a2c24654"}
,"C:\\Users\\Elite folio9470m\\Documents\\altschool-opensource\\newBlogApi\\routes\\blog.route.js": {"path":"C:\\Users\\Elite folio9470m\\Documents\\altschool-opensource\\newBlogApi\\routes\\blog.route.js","statementMap":{"0":{"start":{"line":1,"column":15},"end":{"line":1,"column":42}},"1":{"start":{"line":2,"column":23},"end":{"line":2,"column":66}},"2":{"start":{"line":3,"column":19},"end":{"line":3,"column":53}},"3":{"start":{"line":5,"column":0},"end":{"line":5,"column":36}},"4":{"start":{"line":6,"column":0},"end":{"line":6,"column":46}},"5":{"start":{"line":7,"column":0},"end":{"line":7,"column":75}},"6":{"start":{"line":8,"column":0},"end":{"line":8,"column":62}},"7":{"start":{"line":9,"column":0},"end":{"line":9,"column":67}},"8":{"start":{"line":10,"column":0},"end":{"line":10,"column":68}},"9":{"start":{"line":12,"column":0},"end":{"line":12,"column":22}}},"fnMap":{},"branchMap":{},"s":{"0":2,"1":2,"2":2,"3":2,"4":2,"5":2,"6":2,"7":2,"8":2,"9":2},"f":{},"b":{},"_coverageSchema":"1a1c01bbd47fc00a2c39e90264f33305004495a9","hash":"26a64a6e7e9cb0f1949ca948091a8e45d06dbcfd"}
,"C:\\Users\\Elite folio9470m\\Documents\\altschool-opensource\\newBlogApi\\routes\\profile.route.js": {"path":"C:\\Users\\Elite folio9470m\\Documents\\altschool-opensource\\newBlogApi\\routes\\profile.route.js","statementMap":{"0":{"start":{"line":1,"column":15},"end":{"line":1,"column":42}},"1":{"start":{"line":2,"column":26},"end":{"line":2,"column":72}},"2":{"start":{"line":3,"column":19},"end":{"line":3,"column":53}},"3":{"start":{"line":5,"column":0},"end":{"line":5,"column":76}},"4":{"start":{"line":7,"column":0},"end":{"line":7,"column":22}}},"fnMap":{},"branchMap":{},"s":{"0":2,"1":2,"2":2,"3":2,"4":2},"f":{},"b":{},"_coverageSchema":"1a1c01bbd47fc00a2c39e90264f33305004495a9","hash":"1d06fb1bcc1952e7ecd82cef49107b331c22283a"}
}
