TN:
SF:app.js
FN:21,(anonymous_0)
FN:33,(anonymous_1)
FNF:2
FNH:0
FNDA:0,(anonymous_0)
FNDA:0,(anonymous_1)
DA:1,2
DA:2,2
DA:3,2
DA:4,2
DA:5,2
DA:6,2
DA:7,2
DA:9,2
DA:13,2
DA:16,2
DA:18,2
DA:21,2
DA:22,0
DA:28,2
DA:29,2
DA:30,2
DA:33,2
DA:34,0
DA:39,2
LF:19
LH:17
BRF:0
BRH:0
end_of_record
TN:
SF:controllers\auth.controller.js
FN:6,(anonymous_0)
FN:44,(anonymous_1)
FNF:2
FNH:2
FNDA:1,(anonymous_0)
FNDA:2,(anonymous_1)
DA:1,2
DA:2,2
DA:3,2
DA:4,2
DA:6,2
DA:8,1
DA:16,1
DA:18,1
DA:19,0
DA:22,1
DA:23,1
DA:30,1
DA:32,1
DA:37,0
DA:44,2
DA:45,2
DA:50,2
DA:52,2
DA:53,0
DA:56,2
DA:57,2
DA:59,2
DA:60,2
DA:62,2
DA:63,2
DA:67,2
DA:73,0
DA:79,0
DA:85,0
LF:29
LH:23
BRDA:18,0,0,0
BRDA:18,0,1,1
BRDA:52,1,0,0
BRDA:52,1,1,2
BRDA:59,2,0,2
BRDA:59,2,1,0
BRDA:60,3,0,2
BRDA:60,3,1,0
BRDA:62,4,0,2
BRDA:62,4,1,0
BRF:10
BRH:5
end_of_record
TN:
SF:controllers\blog.controller.js
FN:6,(anonymous_0)
FN:47,(anonymous_1)
FN:84,(anonymous_2)
FN:109,(anonymous_3)
FN:145,(anonymous_4)
FN:169,(anonymous_5)
FNF:6
FNH:5
FNDA:1,(anonymous_0)
FNDA:4,(anonymous_1)
FNDA:1,(anonymous_2)
FNDA:1,(anonymous_3)
FNDA:1,(anonymous_4)
FNDA:0,(anonymous_5)
DA:1,2
DA:2,2
DA:6,2
DA:7,1
DA:14,1
DA:16,1
DA:17,0
DA:20,1
DA:21,1
DA:30,1
DA:32,1
DA:38,0
DA:47,2
DA:49,4
DA:50,4
DA:52,4
DA:53,0
DA:61,4
DA:70,4
DA:76,0
DA:84,2
DA:85,1
DA:86,1
DA:87,1
DA:96,1
DA:101,0
DA:109,2
DA:110,1
DA:112,1
DA:113,1
DA:114,1
DA:115,1
DA:124,1
DA:126,1
DA:132,0
DA:137,0
DA:145,2
DA:146,1
DA:148,1
DA:149,1
DA:150,1
DA:151,1
DA:152,1
DA:156,0
DA:161,0
DA:169,2
DA:170,0
DA:171,0
DA:173,0
DA:174,0
DA:182,0
DA:191,0
DA:197,0
LF:53
LH:37
BRDA:16,0,0,0
BRDA:16,0,1,1
BRDA:52,1,0,0
BRDA:52,1,1,4
BRDA:114,2,0,1
BRDA:114,2,1,0
BRDA:150,3,0,1
BRDA:150,3,1,0
BRDA:173,4,0,0
BRDA:173,4,1,0
BRF:10
BRH:4
end_of_record
TN:
SF:controllers\profile.controller.js
FN:1,(anonymous_0)
FNF:1
FNH:0
FNDA:0,(anonymous_0)
DA:1,2
DA:2,0
LF:2
LH:1
BRF:0
BRH:0
end_of_record
TN:
SF:helpers\middleware.js
FN:3,(anonymous_0)
FNF:1
FNH:1
FNDA:3,(anonymous_0)
DA:1,2
DA:3,2
DA:4,3
DA:6,3
DA:7,0
DA:11,3
DA:12,3
DA:13,3
DA:14,3
DA:15,3
DA:17,0
DA:22,0
DA:23,0
DA:27,0
DA:33,3
LF:15
LH:10
BRDA:6,0,0,0
BRDA:6,0,1,3
BRDA:11,1,0,3
BRDA:11,1,1,0
BRDA:14,2,0,3
BRDA:14,2,1,0
BRDA:22,3,0,0
BRDA:22,3,1,0
BRDA:22,4,0,0
BRDA:22,4,1,0
BRF:10
BRH:3
end_of_record
TN:
SF:models\blog.model.js
FN:25,readingTime
FN:46,(anonymous_1)
FNF:2
FNH:2
FNDA:10,readingTime
FNDA:10,(anonymous_1)
DA:1,2
DA:3,2
DA:4,2
DA:7,2
DA:26,10
DA:27,10
DA:28,10
DA:29,10
DA:30,10
DA:32,0
DA:46,2
DA:47,10
DA:48,10
DA:51,10
DA:53,10
DA:56,2
DA:58,2
LF:17
LH:16
BRDA:26,0,0,10
BRDA:26,0,1,0
BRF:2
BRH:1
end_of_record
TN:
SF:models\user.model.js
FN:19,(anonymous_0)
FN:29,(anonymous_1)
FNF:2
FNH:1
FNDA:4,(anonymous_0)
FNDA:0,(anonymous_1)
DA:1,2
DA:2,2
DA:4,2
DA:5,2
DA:7,2
DA:17,2
DA:20,4
DA:21,4
DA:23,4
DA:24,4
DA:29,2
DA:30,0
DA:31,0
DA:33,0
DA:36,2
DA:38,2
LF:16
LH:13
BRF:0
BRH:0
end_of_record
TN:
SF:routes\auth.route.js
FNF:0
FNH:0
DA:1,2
DA:2,2
DA:4,2
DA:5,2
DA:7,2
LF:5
LH:5
BRF:0
BRH:0
end_of_record
TN:
SF:routes\blog.route.js
FNF:0
FNH:0
DA:1,2
DA:2,2
DA:3,2
DA:5,2
DA:6,2
DA:7,2
DA:8,2
DA:9,2
DA:10,2
DA:12,2
LF:10
LH:10
BRF:0
BRH:0
end_of_record
TN:
SF:routes\profile.route.js
FNF:0
FNH:0
DA:1,2
DA:2,2
DA:3,2
DA:5,2
DA:7,2
LF:5
LH:5
BRF:0
BRH:0
end_of_record
